<?xml version="1.0" encoding="UTF-8"?>
<Site BuildName="(empty)"
	BuildStamp="20250422-1204-Experimental"
	Name="luis-ROG-Strix-G513RW-G513RW"
	Generator="ctest-3.22.1"
	CompilerName="/usr/bin/c++"
	CompilerVersion="11.4.0"
	OSName="Linux"
	Hostname="luis-ROG-Strix-G513RW-G513RW"
	OSRelease="6.8.0-57-generic"
	OSVersion="#59~22.04.1-Ubuntu SMP PREEMPT_DYNAMIC Wed Mar 19 17:07:41 UTC 2"
	OSPlatform="x86_64"
	Is64Bits="1"
	VendorString="AuthenticAMD"
	VendorID="Advanced Micro Devices"
	FamilyID="25"
	ModelID="68"
	ProcessorCacheSize="512"
	NumberOfLogicalCPU="16"
	NumberOfPhysicalCPU="8"
	TotalVirtualMemory="2047"
	TotalPhysicalMemory="15242"
	LogicalProcessorsPerPhysical="2"
	ProcessorClockFrequency="4488.1"
	>
	<Testing>
		<StartDateTime>Apr 22 23:05 AEST</StartDateTime>
		<StartTestTime>1745327154</StartTestTime>
		<TestList/>
		<EndDateTime>Apr 22 23:05 AEST</EndDateTime>
		<EndTestTime>1745327154</EndTestTime>
		<ElapsedMinutes>0</ElapsedMinutes>
	</Testing>
</Site>
