<?xml version="1.0" encoding="UTF-8"?>
<Site BuildName="(empty)"
	BuildStamp="20250402-0752-Experimental"
	Name="luis-ROG-Strix-G513RW-G513RW"
	Generator="ctest-3.22.1"
	CompilerName="/usr/bin/c++"
	CompilerVersion="11.4.0"
	OSName="Linux"
	Hostname="luis-ROG-Strix-G513RW-G513RW"
	OSRelease="6.8.0-52-generic"
	OSVersion="#53~22.04.1-Ubuntu SMP PREEMPT_DYNAMIC Wed Jan 15 19:18:46 UTC 2"
	OSPlatform="x86_64"
	Is64Bits="1"
	VendorString="AuthenticAMD"
	VendorID="Advanced Micro Devices"
	FamilyID="25"
	ModelID="68"
	ProcessorCacheSize="512"
	NumberOfLogicalCPU="16"
	NumberOfPhysicalCPU="8"
	TotalVirtualMemory="2047"
	TotalPhysicalMemory="15242"
	LogicalProcessorsPerPhysical="2"
	ProcessorClockFrequency="4415.24"
	>
	<Testing>
		<StartDateTime>Apr 03 00:25 AEDT</StartDateTime>
		<StartTestTime>1743600319</StartTestTime>
		<TestList/>
		<EndDateTime>Apr 03 00:25 AEDT</EndDateTime>
		<EndTestTime>1743600319</EndTestTime>
		<ElapsedMinutes>0</ElapsedMinutes>
	</Testing>
</Site>
