<?xml version="1.0" encoding="UTF-8"?>
<Site BuildName="(empty)"
	BuildStamp="20250325-1223-Experimental"
	Name="christian-Legion-5-Pro-16IAH7H"
	Generator="ctest-3.22.1"
	CompilerName="/usr/bin/c++"
	CompilerVersion="11.4.0"
	OSName="Linux"
	Hostname="christian-Legion-5-Pro-16IAH7H"
	OSRelease="6.8.0-52-generic"
	OSVersion="#53~22.04.1-Ubuntu SMP PREEMPT_DYNAMIC Wed Jan 15 19:18:46 UTC 2"
	OSPlatform="x86_64"
	Is64Bits="1"
	VendorString="GenuineIntel"
	VendorID="Intel Corporation"
	FamilyID="6"
	ModelID="154"
	ProcessorCacheSize="24576"
	NumberOfLogicalCPU="20"
	NumberOfPhysicalCPU="14"
	TotalVirtualMemory="2047"
	TotalPhysicalMemory="15780"
	LogicalProcessorsPerPhysical="1"
	ProcessorClockFrequency="556.233"
	>
	<Testing>
		<StartDateTime>Mar 25 23:32 AEDT</StartDateTime>
		<StartTestTime>1742905959</StartTestTime>
		<TestList/>
		<EndDateTime>Mar 25 23:32 AEDT</EndDateTime>
		<EndTestTime>1742905959</EndTestTime>
		<ElapsedMinutes>0</ElapsedMinutes>
	</Testing>
</Site>
